Determining if the pthread_create exist failed with the following output:
Change Dir: /home/sarthak/Desktop/Aurora/aurora_ws/build/CMakeFiles/CMakeTmp

Run Build Command:"/usr/bin/make" "cmTC_47103/fast"
/usr/bin/make -f CMakeFiles/cmTC_47103.dir/build.make CMakeFiles/cmTC_47103.dir/build
make[1]: Entering directory '/home/sarthak/Desktop/Aurora/aurora_ws/build/CMakeFiles/CMakeTmp'
Building C object CMakeFiles/cmTC_47103.dir/CheckSymbolExists.c.o
/usr/lib/ccache/cc     -o CMakeFiles/cmTC_47103.dir/CheckSymbolExists.c.o   -c /home/sarthak/Desktop/Aurora/aurora_ws/build/CMakeFiles/CMakeTmp/CheckSymbolExists.c
Linking C executable cmTC_47103
/usr/bin/cmake -E cmake_link_script CMakeFiles/cmTC_47103.dir/link.txt --verbose=1
/usr/lib/ccache/cc       CMakeFiles/cmTC_47103.dir/CheckSymbolExists.c.o  -o cmTC_47103 -rdynamic 
CMakeFiles/cmTC_47103.dir/CheckSymbolExists.c.o: In function `main':
CheckSymbolExists.c:(.text+0x16): undefined reference to `pthread_create'
collect2: error: ld returned 1 exit status
CMakeFiles/cmTC_47103.dir/build.make:97: recipe for target 'cmTC_47103' failed
make[1]: *** [cmTC_47103] Error 1
make[1]: Leaving directory '/home/sarthak/Desktop/Aurora/aurora_ws/build/CMakeFiles/CMakeTmp'
Makefile:126: recipe for target 'cmTC_47103/fast' failed
make: *** [cmTC_47103/fast] Error 2

File /home/sarthak/Desktop/Aurora/aurora_ws/build/CMakeFiles/CMakeTmp/CheckSymbolExists.c:
/* */
#include <pthread.h>

int main(int argc, char** argv)
{
  (void)argv;
#ifndef pthread_create
  return ((int*)(&pthread_create))[argc];
#else
  (void)argc;
  return 0;
#endif
}

Determining if the function pthread_create exists in the pthreads failed with the following output:
Change Dir: /home/sarthak/Desktop/Aurora/aurora_ws/build/CMakeFiles/CMakeTmp

Run Build Command:"/usr/bin/make" "cmTC_38b46/fast"
/usr/bin/make -f CMakeFiles/cmTC_38b46.dir/build.make CMakeFiles/cmTC_38b46.dir/build
make[1]: Entering directory '/home/sarthak/Desktop/Aurora/aurora_ws/build/CMakeFiles/CMakeTmp'
Building C object CMakeFiles/cmTC_38b46.dir/CheckFunctionExists.c.o
/usr/lib/ccache/cc    -DCHECK_FUNCTION_EXISTS=pthread_create   -o CMakeFiles/cmTC_38b46.dir/CheckFunctionExists.c.o   -c /usr/share/cmake-3.5/Modules/CheckFunctionExists.c
Linking C executable cmTC_38b46
/usr/bin/cmake -E cmake_link_script CMakeFiles/cmTC_38b46.dir/link.txt --verbose=1
/usr/lib/ccache/cc   -DCHECK_FUNCTION_EXISTS=pthread_create    CMakeFiles/cmTC_38b46.dir/CheckFunctionExists.c.o  -o cmTC_38b46 -rdynamic -lpthreads 
/usr/bin/ld: cannot find -lpthreads
collect2: error: ld returned 1 exit status
CMakeFiles/cmTC_38b46.dir/build.make:97: recipe for target 'cmTC_38b46' failed
make[1]: *** [cmTC_38b46] Error 1
make[1]: Leaving directory '/home/sarthak/Desktop/Aurora/aurora_ws/build/CMakeFiles/CMakeTmp'
Makefile:126: recipe for target 'cmTC_38b46/fast' failed
make: *** [cmTC_38b46/fast] Error 2


